<?xml version="1.0" encoding="UTF-8"?>
<!-- Generated by org.testng.reporters.JUnitReportReporter -->
<testsuite hostname="ASUSTUFA17" failures="0" tests="1" name="test.day1" time="0.006" errors="0" timestamp="2024-11-08T20:18:44 IST" skipped="0">
  <testcase classname="test.day1" name="Demo" time="0.006"/>
  <system-out/>
</testsuite> <!-- test.day1 -->
