<?xml version="1.0" encoding="UTF-8"?>
<!-- Generated by org.testng.reporters.JUnitReportReporter -->
<testsuite hostname="ASUSTUFA17" failures="0" tests="3" name="test.day4" time="0.004" errors="0" timestamp="2024-11-08T20:18:44 IST" skipped="0">
  <testcase classname="test.day4" name="LoginAPIHomeLoan" time="0.002"/>
  <system-out/>
  <testcase classname="test.day4" name="WebloginHomeLoan" time="0.001"/>
  <system-out/>
  <testcase classname="test.day4" name="MobileloginHomeLoan" time="0.001"/>
  <system-out/>
</testsuite> <!-- test.day4 -->
