<?xml version="1.0" encoding="UTF-8"?>
<!-- Generated by org.testng.reporters.JUnitReportReporter -->
<testsuite hostname="ASUSTUFA17" failures="0" tests="6" name="test.day3" time="0.013" errors="0" timestamp="2024-11-08T20:18:44 IST" skipped="1">
  <testcase classname="test.day3" name="MobileSignoutCarLoan" time="0.001"/>
  <system-out/>
  <testcase classname="test.day3" name="MobileSignoutCarLoan" time="0.008"/>
  <system-out/>
  <testcase classname="test.day3" name="MobileSignoutCarLoan" time="0.001"/>
  <system-out/>
  <testcase classname="test.day3" name="MobileloginCarLoan" time="0.001"/>
  <system-out/>
  <testcase classname="test.day3" name="WebloginCarLoan" time="0.002"/>
  <system-out/>
  <testcase classname="test.day3" name="MobileSigninCarLoan">
    <skipped/>
  </testcase> <!-- MobileSigninCarLoan -->
  <system-out/>
</testsuite> <!-- test.day3 -->
